{"/Users/imadboudroua/work/project/free-PFAShoppingList/App.js": {"path":"/Users/imadboudroua/work/project/free-PFAShoppingList/App.js","statementMap":{"0":{"start":{"line":19,"column":14},"end":{"line":19,"column":34}},"1":{"start":{"line":21,"column":0},"end":{"line":21,"column":29}},"2":{"start":{"line":32,"column":2},"end":{"line":34,"column":4}},"3":{"start":{"line":38,"column":2},"end":{"line":40,"column":4}},"4":{"start":{"line":44,"column":14},"end":{"line":44,"column":36}},"5":{"start":{"line":49,"column":4},"end":{"line":49,"column":17}},"6":{"start":{"line":51,"column":10},"end":{"line":53,"column":3}},"7":{"start":{"line":55,"column":27},"end":{"line":63,"column":5}},"8":{"start":{"line":65,"column":4},"end":{"line":67,"column":5}},"9":{"start":{"line":66,"column":6},"end":{"line":66,"column":45}},"10":{"start":{"line":69,"column":4},"end":{"line":79,"column":6}},"11":{"start":{"line":70,"column":6},"end":{"line":78,"column":7}},"12":{"start":{"line":71,"column":8},"end":{"line":73,"column":10}},"13":{"start":{"line":75,"column":8},"end":{"line":77,"column":10}},"14":{"start":{"line":82,"column":18},"end":{"line":123,"column":3}},"15":{"start":{"line":83,"column":4},"end":{"line":122,"column":5}},"16":{"start":{"line":85,"column":8},"end":{"line":85,"column":31}},"17":{"start":{"line":87,"column":8},"end":{"line":116,"column":23}},"18":{"start":{"line":92,"column":48},"end":{"line":103,"column":19}},"19":{"start":{"line":94,"column":22},"end":{"line":100,"column":41}},"20":{"start":{"line":98,"column":41},"end":{"line":98,"column":72}},"21":{"start":{"line":106,"column":48},"end":{"line":107,"column":19}},"22":{"start":{"line":110,"column":48},"end":{"line":111,"column":19}},"23":{"start":{"line":119,"column":8},"end":{"line":119,"column":32}},"24":{"start":{"line":125,"column":4},"end":{"line":129,"column":6}},"25":{"start":{"line":134,"column":15},"end":{"line":143,"column":2}}},"fnMap":{"0":{"name":"HomeScreen","decl":{"start":{"line":31,"column":9},"end":{"line":31,"column":19}},"loc":{"start":{"line":31,"column":36},"end":{"line":35,"column":1}},"line":31},"1":{"name":"RegisterScreen","decl":{"start":{"line":37,"column":9},"end":{"line":37,"column":23}},"loc":{"start":{"line":37,"column":40},"end":{"line":41,"column":1}},"line":37},"2":{"name":"(anonymous_2)","decl":{"start":{"line":48,"column":2},"end":{"line":48,"column":3}},"loc":{"start":{"line":48,"column":21},"end":{"line":50,"column":3}},"line":48},"3":{"name":"(anonymous_3)","decl":{"start":{"line":54,"column":2},"end":{"line":54,"column":3}},"loc":{"start":{"line":54,"column":22},"end":{"line":80,"column":3}},"line":54},"4":{"name":"(anonymous_4)","decl":{"start":{"line":69,"column":39},"end":{"line":69,"column":40}},"loc":{"start":{"line":69,"column":47},"end":{"line":79,"column":5}},"line":69},"5":{"name":"(anonymous_5)","decl":{"start":{"line":82,"column":18},"end":{"line":82,"column":19}},"loc":{"start":{"line":82,"column":24},"end":{"line":123,"column":3}},"line":82},"6":{"name":"(anonymous_6)","decl":{"start":{"line":92,"column":27},"end":{"line":92,"column":28}},"loc":{"start":{"line":92,"column":48},"end":{"line":103,"column":19}},"line":92},"7":{"name":"(anonymous_7)","decl":{"start":{"line":93,"column":33},"end":{"line":93,"column":34}},"loc":{"start":{"line":94,"column":22},"end":{"line":100,"column":41}},"line":94},"8":{"name":"(anonymous_8)","decl":{"start":{"line":98,"column":35},"end":{"line":98,"column":36}},"loc":{"start":{"line":98,"column":41},"end":{"line":98,"column":72}},"line":98},"9":{"name":"(anonymous_9)","decl":{"start":{"line":106,"column":27},"end":{"line":106,"column":28}},"loc":{"start":{"line":106,"column":48},"end":{"line":107,"column":19}},"line":106},"10":{"name":"(anonymous_10)","decl":{"start":{"line":110,"column":27},"end":{"line":110,"column":28}},"loc":{"start":{"line":110,"column":48},"end":{"line":111,"column":19}},"line":110},"11":{"name":"(anonymous_11)","decl":{"start":{"line":124,"column":2},"end":{"line":124,"column":3}},"loc":{"start":{"line":124,"column":11},"end":{"line":130,"column":3}},"line":124}},"branchMap":{"0":{"loc":{"start":{"line":65,"column":4},"end":{"line":67,"column":5}},"type":"if","locations":[{"start":{"line":65,"column":4},"end":{"line":67,"column":5}},{"start":{"line":65,"column":4},"end":{"line":67,"column":5}}],"line":65},"1":{"loc":{"start":{"line":70,"column":6},"end":{"line":78,"column":7}},"type":"if","locations":[{"start":{"line":70,"column":6},"end":{"line":78,"column":7}},{"start":{"line":70,"column":6},"end":{"line":78,"column":7}}],"line":70},"2":{"loc":{"start":{"line":83,"column":4},"end":{"line":122,"column":5}},"type":"switch","locations":[{"start":{"line":84,"column":6},"end":{"line":85,"column":31}},{"start":{"line":86,"column":6},"end":{"line":116,"column":23}},{"start":{"line":118,"column":6},"end":{"line":119,"column":32}}],"line":83}},"s":{"0":0,"1":0,"2":0,"3":0,"4":0,"5":0,"6":0,"7":0,"8":0,"9":0,"10":0,"11":0,"12":0,"13":0,"14":0,"15":0,"16":0,"17":0,"18":0,"19":0,"20":0,"21":0,"22":0,"23":0,"24":0,"25":0},"f":{"0":0,"1":0,"2":0,"3":0,"4":0,"5":0,"6":0,"7":0,"8":0,"9":0,"10":0,"11":0},"b":{"0":[0,0],"1":[0,0],"2":[0,0,0]}}
,"/Users/imadboudroua/work/project/free-PFAShoppingList/src/components/AddButton.js": {"path":"/Users/imadboudroua/work/project/free-PFAShoppingList/src/components/AddButton.js","statementMap":{"0":{"start":{"line":7,"column":4},"end":{"line":21,"column":5}}},"fnMap":{"0":{"name":"(anonymous_0)","decl":{"start":{"line":6,"column":2},"end":{"line":6,"column":3}},"loc":{"start":{"line":6,"column":11},"end":{"line":22,"column":3}},"line":6}},"branchMap":{},"s":{"0":0},"f":{"0":0},"b":{}}
,"/Users/imadboudroua/work/project/free-PFAShoppingList/src/components/Logo.js": {"path":"/Users/imadboudroua/work/project/free-PFAShoppingList/src/components/Logo.js","statementMap":{"0":{"start":{"line":5,"column":2},"end":{"line":15,"column":3}},"1":{"start":{"line":18,"column":15},"end":{"line":31,"column":2}}},"fnMap":{"0":{"name":"Logo","decl":{"start":{"line":4,"column":24},"end":{"line":4,"column":28}},"loc":{"start":{"line":4,"column":31},"end":{"line":16,"column":1}},"line":4}},"branchMap":{},"s":{"0":0,"1":0},"f":{"0":0},"b":{}}
,"/Users/imadboudroua/work/project/free-PFAShoppingList/src/components/Tabs.js": {"path":"/Users/imadboudroua/work/project/free-PFAShoppingList/src/components/Tabs.js","statementMap":{"0":{"start":{"line":16,"column":12},"end":{"line":16,"column":38}},"1":{"start":{"line":22,"column":4},"end":{"line":36,"column":5}},"2":{"start":{"line":24,"column":8},"end":{"line":24,"column":30}},"3":{"start":{"line":25,"column":8},"end":{"line":25,"column":14}},"4":{"start":{"line":27,"column":8},"end":{"line":27,"column":32}},"5":{"start":{"line":28,"column":8},"end":{"line":28,"column":14}},"6":{"start":{"line":30,"column":8},"end":{"line":30,"column":33}},"7":{"start":{"line":31,"column":8},"end":{"line":31,"column":14}},"8":{"start":{"line":34,"column":8},"end":{"line":34,"column":26}},"9":{"start":{"line":35,"column":8},"end":{"line":35,"column":14}},"10":{"start":{"line":40,"column":4},"end":{"line":113,"column":6}},"11":{"start":{"line":42,"column":39},"end":{"line":81,"column":9}},"12":{"start":{"line":45,"column":12},"end":{"line":75,"column":13}},"13":{"start":{"line":47,"column":16},"end":{"line":49,"column":35}},"14":{"start":{"line":50,"column":16},"end":{"line":50,"column":22}},"15":{"start":{"line":52,"column":16},"end":{"line":54,"column":38}},"16":{"start":{"line":55,"column":16},"end":{"line":55,"column":22}},"17":{"start":{"line":57,"column":16},"end":{"line":59,"column":41}},"18":{"start":{"line":60,"column":16},"end":{"line":60,"column":26}},"19":{"start":{"line":61,"column":16},"end":{"line":61,"column":22}},"20":{"start":{"line":63,"column":16},"end":{"line":65,"column":40}},"21":{"start":{"line":66,"column":16},"end":{"line":66,"column":22}},"22":{"start":{"line":68,"column":16},"end":{"line":70,"column":35}},"23":{"start":{"line":71,"column":16},"end":{"line":71,"column":22}},"24":{"start":{"line":74,"column":16},"end":{"line":74,"column":22}},"25":{"start":{"line":79,"column":12},"end":{"line":79,"column":74}},"26":{"start":{"line":86,"column":97},"end":{"line":90,"column":9}},"27":{"start":{"line":88,"column":12},"end":{"line":88,"column":35}},"28":{"start":{"line":95,"column":12},"end":{"line":95,"column":25}},"29":{"start":{"line":100,"column":49},"end":{"line":104,"column":11}},"30":{"start":{"line":102,"column":14},"end":{"line":102,"column":38}},"31":{"start":{"line":106,"column":49},"end":{"line":110,"column":11}},"32":{"start":{"line":108,"column":14},"end":{"line":108,"column":39}},"33":{"start":{"line":122,"column":2},"end":{"line":124,"column":3}},"34":{"start":{"line":128,"column":2},"end":{"line":138,"column":3}},"35":{"start":{"line":129,"column":22},"end":{"line":131,"column":6}},"36":{"start":{"line":132,"column":24},"end":{"line":134,"column":6}},"37":{"start":{"line":135,"column":23},"end":{"line":137,"column":6}}},"fnMap":{"0":{"name":"(anonymous_0)","decl":{"start":{"line":20,"column":2},"end":{"line":20,"column":3}},"loc":{"start":{"line":20,"column":22},"end":{"line":38,"column":3}},"line":20},"1":{"name":"(anonymous_1)","decl":{"start":{"line":39,"column":2},"end":{"line":39,"column":3}},"loc":{"start":{"line":39,"column":11},"end":{"line":114,"column":3}},"line":39},"2":{"name":"(anonymous_2)","decl":{"start":{"line":42,"column":23},"end":{"line":42,"column":24}},"loc":{"start":{"line":42,"column":39},"end":{"line":81,"column":9}},"line":42},"3":{"name":"(anonymous_3)","decl":{"start":{"line":43,"column":22},"end":{"line":43,"column":23}},"loc":{"start":{"line":43,"column":52},"end":{"line":80,"column":11}},"line":43},"4":{"name":"(anonymous_4)","decl":{"start":{"line":86,"column":69},"end":{"line":86,"column":70}},"loc":{"start":{"line":86,"column":97},"end":{"line":90,"column":9}},"line":86},"5":{"name":"(anonymous_5)","decl":{"start":{"line":87,"column":20},"end":{"line":87,"column":21}},"loc":{"start":{"line":87,"column":25},"end":{"line":89,"column":11}},"line":87},"6":{"name":"(anonymous_6)","decl":{"start":{"line":94,"column":22},"end":{"line":94,"column":23}},"loc":{"start":{"line":95,"column":12},"end":{"line":95,"column":25}},"line":95},"7":{"name":"(anonymous_7)","decl":{"start":{"line":100,"column":21},"end":{"line":100,"column":22}},"loc":{"start":{"line":100,"column":49},"end":{"line":104,"column":11}},"line":100},"8":{"name":"(anonymous_8)","decl":{"start":{"line":101,"column":22},"end":{"line":101,"column":23}},"loc":{"start":{"line":101,"column":27},"end":{"line":103,"column":13}},"line":101},"9":{"name":"(anonymous_9)","decl":{"start":{"line":106,"column":21},"end":{"line":106,"column":22}},"loc":{"start":{"line":106,"column":49},"end":{"line":110,"column":11}},"line":106},"10":{"name":"(anonymous_10)","decl":{"start":{"line":107,"column":22},"end":{"line":107,"column":23}},"loc":{"start":{"line":107,"column":27},"end":{"line":109,"column":13}},"line":107},"11":{"name":"mapStateToProps","decl":{"start":{"line":121,"column":9},"end":{"line":121,"column":24}},"loc":{"start":{"line":121,"column":32},"end":{"line":125,"column":1}},"line":121},"12":{"name":"mapDispatchToProps","decl":{"start":{"line":127,"column":9},"end":{"line":127,"column":27}},"loc":{"start":{"line":127,"column":38},"end":{"line":139,"column":1}},"line":127},"13":{"name":"(anonymous_13)","decl":{"start":{"line":129,"column":16},"end":{"line":129,"column":17}},"loc":{"start":{"line":129,"column":22},"end":{"line":131,"column":6}},"line":129},"14":{"name":"(anonymous_14)","decl":{"start":{"line":132,"column":18},"end":{"line":132,"column":19}},"loc":{"start":{"line":132,"column":24},"end":{"line":134,"column":6}},"line":132},"15":{"name":"(anonymous_15)","decl":{"start":{"line":135,"column":17},"end":{"line":135,"column":18}},"loc":{"start":{"line":135,"column":23},"end":{"line":137,"column":6}},"line":135}},"branchMap":{"0":{"loc":{"start":{"line":22,"column":4},"end":{"line":36,"column":5}},"type":"switch","locations":[{"start":{"line":23,"column":6},"end":{"line":25,"column":14}},{"start":{"line":26,"column":6},"end":{"line":28,"column":14}},{"start":{"line":29,"column":6},"end":{"line":31,"column":14}},{"start":{"line":33,"column":6},"end":{"line":35,"column":14}}],"line":22},"1":{"loc":{"start":{"line":45,"column":12},"end":{"line":75,"column":13}},"type":"switch","locations":[{"start":{"line":46,"column":14},"end":{"line":50,"column":22}},{"start":{"line":51,"column":14},"end":{"line":55,"column":22}},{"start":{"line":56,"column":14},"end":{"line":61,"column":22}},{"start":{"line":62,"column":14},"end":{"line":66,"column":22}},{"start":{"line":67,"column":14},"end":{"line":71,"column":22}},{"start":{"line":73,"column":14},"end":{"line":74,"column":22}}],"line":45},"2":{"loc":{"start":{"line":47,"column":27},"end":{"line":49,"column":34}},"type":"cond-expr","locations":[{"start":{"line":48,"column":20},"end":{"line":48,"column":26}},{"start":{"line":49,"column":20},"end":{"line":49,"column":34}}],"line":47},"3":{"loc":{"start":{"line":52,"column":27},"end":{"line":54,"column":37}},"type":"cond-expr","locations":[{"start":{"line":53,"column":20},"end":{"line":53,"column":29}},{"start":{"line":54,"column":20},"end":{"line":54,"column":37}}],"line":52},"4":{"loc":{"start":{"line":57,"column":27},"end":{"line":59,"column":40}},"type":"cond-expr","locations":[{"start":{"line":58,"column":20},"end":{"line":58,"column":32}},{"start":{"line":59,"column":20},"end":{"line":59,"column":40}}],"line":57},"5":{"loc":{"start":{"line":63,"column":27},"end":{"line":65,"column":39}},"type":"cond-expr","locations":[{"start":{"line":64,"column":20},"end":{"line":64,"column":31}},{"start":{"line":65,"column":20},"end":{"line":65,"column":39}}],"line":63},"6":{"loc":{"start":{"line":68,"column":27},"end":{"line":70,"column":34}},"type":"cond-expr","locations":[{"start":{"line":69,"column":20},"end":{"line":69,"column":26}},{"start":{"line":70,"column":20},"end":{"line":70,"column":34}}],"line":68}},"s":{"0":0,"1":0,"2":0,"3":0,"4":0,"5":0,"6":0,"7":0,"8":0,"9":0,"10":0,"11":0,"12":0,"13":0,"14":0,"15":0,"16":0,"17":0,"18":0,"19":0,"20":0,"21":0,"22":0,"23":0,"24":0,"25":0,"26":0,"27":0,"28":0,"29":0,"30":0,"31":0,"32":0,"33":0,"34":0,"35":0,"36":0,"37":0},"f":{"0":0,"1":0,"2":0,"3":0,"4":0,"5":0,"6":0,"7":0,"8":0,"9":0,"10":0,"11":0,"12":0,"13":0,"14":0,"15":0},"b":{"0":[0,0,0,0],"1":[0,0,0,0,0,0],"2":[0,0],"3":[0,0],"4":[0,0],"5":[0,0],"6":[0,0]}}
,"/Users/imadboudroua/work/project/free-PFAShoppingList/src/redux/reducers/index.js": {"path":"/Users/imadboudroua/work/project/free-PFAShoppingList/src/redux/reducers/index.js","statementMap":{},"fnMap":{},"branchMap":{},"s":{},"f":{},"b":{}}
,"/Users/imadboudroua/work/project/free-PFAShoppingList/src/redux/reducers/listReducer.js": {"path":"/Users/imadboudroua/work/project/free-PFAShoppingList/src/redux/reducers/listReducer.js","statementMap":{"0":{"start":{"line":1,"column":21},"end":{"line":3,"column":1}},"1":{"start":{"line":5,"column":2},"end":{"line":16,"column":3}},"2":{"start":{"line":7,"column":6},"end":{"line":9,"column":7}},"3":{"start":{"line":11,"column":6},"end":{"line":13,"column":7}},"4":{"start":{"line":12,"column":40},"end":{"line":12,"column":57}},"5":{"start":{"line":15,"column":6},"end":{"line":15,"column":18}}},"fnMap":{"0":{"name":"listReducer","decl":{"start":{"line":4,"column":24},"end":{"line":4,"column":35}},"loc":{"start":{"line":4,"column":66},"end":{"line":17,"column":1}},"line":4},"1":{"name":"(anonymous_1)","decl":{"start":{"line":12,"column":36},"end":{"line":12,"column":37}},"loc":{"start":{"line":12,"column":40},"end":{"line":12,"column":57}},"line":12}},"branchMap":{"0":{"loc":{"start":{"line":4,"column":36},"end":{"line":4,"column":56}},"type":"default-arg","locations":[{"start":{"line":4,"column":44},"end":{"line":4,"column":56}}],"line":4},"1":{"loc":{"start":{"line":5,"column":2},"end":{"line":16,"column":3}},"type":"switch","locations":[{"start":{"line":6,"column":4},"end":{"line":9,"column":7}},{"start":{"line":10,"column":4},"end":{"line":13,"column":7}},{"start":{"line":14,"column":4},"end":{"line":15,"column":18}}],"line":5}},"s":{"0":0,"1":0,"2":0,"3":0,"4":0,"5":0},"f":{"0":0,"1":0},"b":{"0":[0],"1":[0,0,0]}}
,"/Users/imadboudroua/work/project/free-PFAShoppingList/src/redux/reducers/pagePointerReducer.js": {"path":"/Users/imadboudroua/work/project/free-PFAShoppingList/src/redux/reducers/pagePointerReducer.js","statementMap":{"0":{"start":{"line":1,"column":21},"end":{"line":3,"column":1}},"1":{"start":{"line":8,"column":2},"end":{"line":23,"column":3}},"2":{"start":{"line":10,"column":6},"end":{"line":10,"column":39}},"3":{"start":{"line":11,"column":6},"end":{"line":11,"column":12}},"4":{"start":{"line":13,"column":6},"end":{"line":13,"column":38}},"5":{"start":{"line":14,"column":6},"end":{"line":14,"column":12}},"6":{"start":{"line":16,"column":6},"end":{"line":16,"column":44}},"7":{"start":{"line":17,"column":6},"end":{"line":17,"column":12}},"8":{"start":{"line":20,"column":6},"end":{"line":20,"column":39}},"9":{"start":{"line":22,"column":6},"end":{"line":22,"column":12}},"10":{"start":{"line":24,"column":2},"end":{"line":24,"column":14}}},"fnMap":{"0":{"name":"pagePointerReducer","decl":{"start":{"line":6,"column":24},"end":{"line":6,"column":42}},"loc":{"start":{"line":6,"column":72},"end":{"line":26,"column":1}},"line":6}},"branchMap":{"0":{"loc":{"start":{"line":6,"column":43},"end":{"line":6,"column":63}},"type":"default-arg","locations":[{"start":{"line":6,"column":51},"end":{"line":6,"column":63}}],"line":6},"1":{"loc":{"start":{"line":8,"column":2},"end":{"line":23,"column":3}},"type":"switch","locations":[{"start":{"line":9,"column":4},"end":{"line":11,"column":12}},{"start":{"line":12,"column":4},"end":{"line":14,"column":12}},{"start":{"line":15,"column":4},"end":{"line":17,"column":12}},{"start":{"line":19,"column":4},"end":{"line":22,"column":12}}],"line":8}},"s":{"0":0,"1":0,"2":0,"3":0,"4":0,"5":0,"6":0,"7":0,"8":0,"9":0,"10":0},"f":{"0":0},"b":{"0":[0],"1":[0,0,0,0]}}
,"/Users/imadboudroua/work/project/free-PFAShoppingList/src/screens/GardeMangerScreen.js": {"path":"/Users/imadboudroua/work/project/free-PFAShoppingList/src/screens/GardeMangerScreen.js","statementMap":{"0":{"start":{"line":6,"column":4},"end":{"line":10,"column":5}}},"fnMap":{"0":{"name":"(anonymous_0)","decl":{"start":{"line":5,"column":2},"end":{"line":5,"column":3}},"loc":{"start":{"line":5,"column":11},"end":{"line":11,"column":3}},"line":5}},"branchMap":{},"s":{"0":0},"f":{"0":0},"b":{}}
,"/Users/imadboudroua/work/project/free-PFAShoppingList/src/screens/HomeScreen.js": {"path":"/Users/imadboudroua/work/project/free-PFAShoppingList/src/screens/HomeScreen.js","statementMap":{"0":{"start":{"line":8,"column":12},"end":{"line":8,"column":38}},"1":{"start":{"line":9,"column":13},"end":{"line":27,"column":1}},"2":{"start":{"line":28,"column":13},"end":{"line":38,"column":1}},"3":{"start":{"line":29,"column":2},"end":{"line":37,"column":9}},"4":{"start":{"line":39,"column":19},"end":{"line":41,"column":1}},"5":{"start":{"line":40,"column":2},"end":{"line":40,"column":135}},"6":{"start":{"line":45,"column":4},"end":{"line":45,"column":17}},"7":{"start":{"line":48,"column":21},"end":{"line":68,"column":3}},"8":{"start":{"line":51,"column":4},"end":{"line":66,"column":5}},"9":{"start":{"line":55,"column":23},"end":{"line":55,"column":49}},"10":{"start":{"line":61,"column":23},"end":{"line":61,"column":50}},"11":{"start":{"line":70,"column":4},"end":{"line":70,"column":32}},"12":{"start":{"line":71,"column":4},"end":{"line":87,"column":5}},"13":{"start":{"line":76,"column":32},"end":{"line":76,"column":39}},"14":{"start":{"line":91,"column":15},"end":{"line":162,"column":2}},"15":{"start":{"line":167,"column":2},"end":{"line":169,"column":3}},"16":{"start":{"line":173,"column":2},"end":{"line":187,"column":3}},"17":{"start":{"line":174,"column":28},"end":{"line":177,"column":6}},"18":{"start":{"line":178,"column":32},"end":{"line":181,"column":6}},"19":{"start":{"line":182,"column":34},"end":{"line":185,"column":6}}},"fnMap":{"0":{"name":"(anonymous_0)","decl":{"start":{"line":28,"column":13},"end":{"line":28,"column":14}},"loc":{"start":{"line":29,"column":2},"end":{"line":37,"column":9}},"line":29},"1":{"name":"(anonymous_1)","decl":{"start":{"line":39,"column":19},"end":{"line":39,"column":20}},"loc":{"start":{"line":40,"column":2},"end":{"line":40,"column":135}},"line":40},"2":{"name":"(anonymous_2)","decl":{"start":{"line":44,"column":2},"end":{"line":44,"column":3}},"loc":{"start":{"line":44,"column":21},"end":{"line":47,"column":3}},"line":44},"3":{"name":"(anonymous_3)","decl":{"start":{"line":48,"column":21},"end":{"line":48,"column":22}},"loc":{"start":{"line":48,"column":35},"end":{"line":68,"column":3}},"line":48},"4":{"name":"(anonymous_4)","decl":{"start":{"line":55,"column":17},"end":{"line":55,"column":18}},"loc":{"start":{"line":55,"column":23},"end":{"line":55,"column":49}},"line":55},"5":{"name":"(anonymous_5)","decl":{"start":{"line":61,"column":17},"end":{"line":61,"column":18}},"loc":{"start":{"line":61,"column":23},"end":{"line":61,"column":50}},"line":61},"6":{"name":"(anonymous_6)","decl":{"start":{"line":69,"column":2},"end":{"line":69,"column":3}},"loc":{"start":{"line":69,"column":11},"end":{"line":88,"column":3}},"line":69},"7":{"name":"(anonymous_7)","decl":{"start":{"line":76,"column":24},"end":{"line":76,"column":25}},"loc":{"start":{"line":76,"column":32},"end":{"line":76,"column":39}},"line":76},"8":{"name":"mapStateToProps","decl":{"start":{"line":166,"column":9},"end":{"line":166,"column":24}},"loc":{"start":{"line":166,"column":32},"end":{"line":170,"column":1}},"line":166},"9":{"name":"mapDispatchToProps","decl":{"start":{"line":172,"column":9},"end":{"line":172,"column":27}},"loc":{"start":{"line":172,"column":38},"end":{"line":188,"column":1}},"line":172},"10":{"name":"(anonymous_10)","decl":{"start":{"line":174,"column":15},"end":{"line":174,"column":16}},"loc":{"start":{"line":174,"column":28},"end":{"line":177,"column":6}},"line":174},"11":{"name":"(anonymous_11)","decl":{"start":{"line":178,"column":15},"end":{"line":178,"column":16}},"loc":{"start":{"line":178,"column":32},"end":{"line":181,"column":6}},"line":178},"12":{"name":"(anonymous_12)","decl":{"start":{"line":182,"column":16},"end":{"line":182,"column":17}},"loc":{"start":{"line":182,"column":34},"end":{"line":185,"column":6}},"line":182}},"branchMap":{"0":{"loc":{"start":{"line":94,"column":15},"end":{"line":94,"column":43}},"type":"binary-expr","locations":[{"start":{"line":94,"column":15},"end":{"line":94,"column":38}},{"start":{"line":94,"column":42},"end":{"line":94,"column":43}}],"line":94}},"s":{"0":1,"1":1,"2":1,"3":0,"4":1,"5":0,"6":0,"7":0,"8":0,"9":0,"10":0,"11":0,"12":0,"13":0,"14":1,"15":0,"16":0,"17":0,"18":0,"19":0},"f":{"0":0,"1":0,"2":0,"3":0,"4":0,"5":0,"6":0,"7":0,"8":0,"9":0,"10":0,"11":0,"12":0},"b":{"0":[1,1]},"_coverageSchema":"1a1c01bbd47fc00a2c39e90264f33305004495a9","hash":"29cf004fea034dae4f3988b719f0204e02f7ef3f"}
,"/Users/imadboudroua/work/project/free-PFAShoppingList/src/screens/ListesScreen.js": {"path":"/Users/imadboudroua/work/project/free-PFAShoppingList/src/screens/ListesScreen.js","statementMap":{"0":{"start":{"line":6,"column":4},"end":{"line":10,"column":5}}},"fnMap":{"0":{"name":"(anonymous_0)","decl":{"start":{"line":5,"column":2},"end":{"line":5,"column":3}},"loc":{"start":{"line":5,"column":11},"end":{"line":11,"column":3}},"line":5}},"branchMap":{},"s":{"0":0},"f":{"0":0},"b":{}}
,"/Users/imadboudroua/work/project/free-PFAShoppingList/src/screens/LoadingScreen.js": {"path":"/Users/imadboudroua/work/project/free-PFAShoppingList/src/screens/LoadingScreen.js","statementMap":{"0":{"start":{"line":6,"column":4},"end":{"line":10,"column":5}}},"fnMap":{"0":{"name":"(anonymous_0)","decl":{"start":{"line":5,"column":2},"end":{"line":5,"column":3}},"loc":{"start":{"line":5,"column":11},"end":{"line":11,"column":3}},"line":5}},"branchMap":{},"s":{"0":0},"f":{"0":0},"b":{}}
,"/Users/imadboudroua/work/project/free-PFAShoppingList/src/screens/ScannerScreen.js": {"path":"/Users/imadboudroua/work/project/free-PFAShoppingList/src/screens/ScannerScreen.js","statementMap":{"0":{"start":{"line":10,"column":25},"end":{"line":10,"column":47}},"1":{"start":{"line":12,"column":13},"end":{"line":18,"column":1}},"2":{"start":{"line":14,"column":2},"end":{"line":16,"column":9}},"3":{"start":{"line":21,"column":10},"end":{"line":24,"column":3}},"4":{"start":{"line":27,"column":4},"end":{"line":27,"column":31}},"5":{"start":{"line":30,"column":24},"end":{"line":33,"column":3}},"6":{"start":{"line":31,"column":23},"end":{"line":31,"column":69}},"7":{"start":{"line":32,"column":4},"end":{"line":32,"column":65}},"8":{"start":{"line":36,"column":45},"end":{"line":36,"column":55}},"9":{"start":{"line":38,"column":4},"end":{"line":40,"column":5}},"10":{"start":{"line":39,"column":6},"end":{"line":39,"column":59}},"11":{"start":{"line":41,"column":4},"end":{"line":43,"column":5}},"12":{"start":{"line":42,"column":6},"end":{"line":42,"column":46}},"13":{"start":{"line":44,"column":4},"end":{"line":63,"column":6}},"14":{"start":{"line":59,"column":27},"end":{"line":59,"column":60}},"15":{"start":{"line":66,"column":25},"end":{"line":72,"column":3}},"16":{"start":{"line":67,"column":4},"end":{"line":67,"column":37}},"17":{"start":{"line":68,"column":20},"end":{"line":68,"column":69}},"18":{"start":{"line":69,"column":4},"end":{"line":69,"column":38}},"19":{"start":{"line":70,"column":4},"end":{"line":70,"column":34}},"20":{"start":{"line":79,"column":2},"end":{"line":81,"column":3}},"21":{"start":{"line":85,"column":2},"end":{"line":91,"column":3}},"22":{"start":{"line":86,"column":28},"end":{"line":89,"column":6}}},"fnMap":{"0":{"name":"(anonymous_0)","decl":{"start":{"line":12,"column":13},"end":{"line":12,"column":14}},"loc":{"start":{"line":14,"column":2},"end":{"line":16,"column":9}},"line":14},"1":{"name":"(anonymous_1)","decl":{"start":{"line":26,"column":2},"end":{"line":26,"column":3}},"loc":{"start":{"line":26,"column":28},"end":{"line":28,"column":3}},"line":26},"2":{"name":"(anonymous_2)","decl":{"start":{"line":30,"column":24},"end":{"line":30,"column":25}},"loc":{"start":{"line":30,"column":36},"end":{"line":33,"column":3}},"line":30},"3":{"name":"(anonymous_3)","decl":{"start":{"line":35,"column":2},"end":{"line":35,"column":3}},"loc":{"start":{"line":35,"column":11},"end":{"line":64,"column":3}},"line":35},"4":{"name":"(anonymous_4)","decl":{"start":{"line":59,"column":21},"end":{"line":59,"column":22}},"loc":{"start":{"line":59,"column":27},"end":{"line":59,"column":60}},"line":59},"5":{"name":"(anonymous_5)","decl":{"start":{"line":66,"column":25},"end":{"line":66,"column":26}},"loc":{"start":{"line":66,"column":51},"end":{"line":72,"column":3}},"line":66},"6":{"name":"mapStateToProps","decl":{"start":{"line":78,"column":9},"end":{"line":78,"column":24}},"loc":{"start":{"line":78,"column":32},"end":{"line":82,"column":1}},"line":78},"7":{"name":"mapDispatchToProps","decl":{"start":{"line":84,"column":9},"end":{"line":84,"column":27}},"loc":{"start":{"line":84,"column":38},"end":{"line":92,"column":1}},"line":84},"8":{"name":"(anonymous_8)","decl":{"start":{"line":86,"column":15},"end":{"line":86,"column":16}},"loc":{"start":{"line":86,"column":28},"end":{"line":89,"column":6}},"line":86}},"branchMap":{"0":{"loc":{"start":{"line":38,"column":4},"end":{"line":40,"column":5}},"type":"if","locations":[{"start":{"line":38,"column":4},"end":{"line":40,"column":5}},{"start":{"line":38,"column":4},"end":{"line":40,"column":5}}],"line":38},"1":{"loc":{"start":{"line":41,"column":4},"end":{"line":43,"column":5}},"type":"if","locations":[{"start":{"line":41,"column":4},"end":{"line":43,"column":5}},{"start":{"line":41,"column":4},"end":{"line":43,"column":5}}],"line":41},"2":{"loc":{"start":{"line":52,"column":28},"end":{"line":52,"column":75}},"type":"cond-expr","locations":[{"start":{"line":52,"column":38},"end":{"line":52,"column":47}},{"start":{"line":52,"column":50},"end":{"line":52,"column":75}}],"line":52},"3":{"loc":{"start":{"line":56,"column":9},"end":{"line":61,"column":9}},"type":"binary-expr","locations":[{"start":{"line":56,"column":9},"end":{"line":56,"column":16}},{"start":{"line":57,"column":10},"end":{"line":60,"column":12}}],"line":56}},"s":{"0":0,"1":0,"2":0,"3":0,"4":0,"5":0,"6":0,"7":0,"8":0,"9":0,"10":0,"11":0,"12":0,"13":0,"14":0,"15":0,"16":0,"17":0,"18":0,"19":0,"20":0,"21":0,"22":0},"f":{"0":0,"1":0,"2":0,"3":0,"4":0,"5":0,"6":0,"7":0,"8":0},"b":{"0":[0,0],"1":[0,0],"2":[0,0],"3":[0,0]}}
,"/Users/imadboudroua/work/project/free-PFAShoppingList/src/screens/SettingsScreen.js": {"path":"/Users/imadboudroua/work/project/free-PFAShoppingList/src/screens/SettingsScreen.js","statementMap":{"0":{"start":{"line":6,"column":2},"end":{"line":12,"column":4}},"1":{"start":{"line":8,"column":63},"end":{"line":8,"column":88}}},"fnMap":{"0":{"name":"SettingsScreen","decl":{"start":{"line":5,"column":24},"end":{"line":5,"column":38}},"loc":{"start":{"line":5,"column":55},"end":{"line":13,"column":1}},"line":5},"1":{"name":"(anonymous_1)","decl":{"start":{"line":8,"column":57},"end":{"line":8,"column":58}},"loc":{"start":{"line":8,"column":63},"end":{"line":8,"column":88}},"line":8}},"branchMap":{},"s":{"0":0,"1":0},"f":{"0":0,"1":0},"b":{}}
,"/Users/imadboudroua/work/project/free-PFAShoppingList/src/screens/SignInScreen.js": {"path":"/Users/imadboudroua/work/project/free-PFAShoppingList/src/screens/SignInScreen.js","statementMap":{"0":{"start":{"line":7,"column":10},"end":{"line":12,"column":3}},"1":{"start":{"line":14,"column":18},"end":{"line":24,"column":3}},"2":{"start":{"line":15,"column":4},"end":{"line":21,"column":8}},"3":{"start":{"line":18,"column":8},"end":{"line":20,"column":10}},"4":{"start":{"line":25,"column":19},"end":{"line":30,"column":3}},"5":{"start":{"line":26,"column":4},"end":{"line":29,"column":6}},"6":{"start":{"line":34,"column":4},"end":{"line":66,"column":6}},"7":{"start":{"line":43,"column":35},"end":{"line":43,"column":59}},"8":{"start":{"line":51,"column":38},"end":{"line":51,"column":65}},"9":{"start":{"line":71,"column":15},"end":{"line":115,"column":2}}},"fnMap":{"0":{"name":"(anonymous_0)","decl":{"start":{"line":14,"column":18},"end":{"line":14,"column":19}},"loc":{"start":{"line":14,"column":24},"end":{"line":24,"column":3}},"line":14},"1":{"name":"(anonymous_1)","decl":{"start":{"line":17,"column":13},"end":{"line":17,"column":14}},"loc":{"start":{"line":17,"column":20},"end":{"line":21,"column":7}},"line":17},"2":{"name":"(anonymous_2)","decl":{"start":{"line":25,"column":19},"end":{"line":25,"column":20}},"loc":{"start":{"line":25,"column":25},"end":{"line":30,"column":3}},"line":25},"3":{"name":"(anonymous_3)","decl":{"start":{"line":33,"column":2},"end":{"line":33,"column":3}},"loc":{"start":{"line":33,"column":11},"end":{"line":67,"column":3}},"line":33},"4":{"name":"(anonymous_4)","decl":{"start":{"line":43,"column":26},"end":{"line":43,"column":27}},"loc":{"start":{"line":43,"column":35},"end":{"line":43,"column":59}},"line":43},"5":{"name":"(anonymous_5)","decl":{"start":{"line":51,"column":26},"end":{"line":51,"column":27}},"loc":{"start":{"line":51,"column":38},"end":{"line":51,"column":65}},"line":51}},"branchMap":{},"s":{"0":0,"1":0,"2":0,"3":0,"4":0,"5":0,"6":0,"7":0,"8":0,"9":0},"f":{"0":0,"1":0,"2":0,"3":0,"4":0,"5":0},"b":{}}
,"/Users/imadboudroua/work/project/free-PFAShoppingList/src/screens/SignUpScreen.js": {"path":"/Users/imadboudroua/work/project/free-PFAShoppingList/src/screens/SignUpScreen.js","statementMap":{"0":{"start":{"line":8,"column":4},"end":{"line":8,"column":17}},"1":{"start":{"line":9,"column":4},"end":{"line":13,"column":5}},"2":{"start":{"line":14,"column":4},"end":{"line":14,"column":44}},"3":{"start":{"line":18,"column":38},"end":{"line":18,"column":48}},"4":{"start":{"line":19,"column":4},"end":{"line":24,"column":8}},"5":{"start":{"line":21,"column":8},"end":{"line":21,"column":27}},"6":{"start":{"line":23,"column":8},"end":{"line":23,"column":26}},"7":{"start":{"line":28,"column":4},"end":{"line":55,"column":6}},"8":{"start":{"line":34,"column":33},"end":{"line":34,"column":57}},"9":{"start":{"line":42,"column":36},"end":{"line":42,"column":63}},"10":{"start":{"line":59,"column":15},"end":{"line":95,"column":2}}},"fnMap":{"0":{"name":"(anonymous_0)","decl":{"start":{"line":7,"column":2},"end":{"line":7,"column":3}},"loc":{"start":{"line":7,"column":21},"end":{"line":15,"column":3}},"line":7},"1":{"name":"(anonymous_1)","decl":{"start":{"line":17,"column":2},"end":{"line":17,"column":3}},"loc":{"start":{"line":17,"column":13},"end":{"line":25,"column":3}},"line":17},"2":{"name":"(anonymous_2)","decl":{"start":{"line":20,"column":12},"end":{"line":20,"column":13}},"loc":{"start":{"line":20,"column":24},"end":{"line":22,"column":7}},"line":20},"3":{"name":"(anonymous_3)","decl":{"start":{"line":22,"column":15},"end":{"line":22,"column":16}},"loc":{"start":{"line":22,"column":26},"end":{"line":24,"column":7}},"line":22},"4":{"name":"(anonymous_4)","decl":{"start":{"line":27,"column":2},"end":{"line":27,"column":3}},"loc":{"start":{"line":27,"column":11},"end":{"line":56,"column":3}},"line":27},"5":{"name":"(anonymous_5)","decl":{"start":{"line":34,"column":24},"end":{"line":34,"column":25}},"loc":{"start":{"line":34,"column":33},"end":{"line":34,"column":57}},"line":34},"6":{"name":"(anonymous_6)","decl":{"start":{"line":42,"column":24},"end":{"line":42,"column":25}},"loc":{"start":{"line":42,"column":36},"end":{"line":42,"column":63}},"line":42}},"branchMap":{},"s":{"0":0,"1":0,"2":0,"3":0,"4":0,"5":0,"6":0,"7":0,"8":0,"9":0,"10":0},"f":{"0":0,"1":0,"2":0,"3":0,"4":0,"5":0,"6":0},"b":{}}
,"/Users/imadboudroua/work/project/free-PFAShoppingList/src/screens/Search/GardeMangerSearch.js": {"path":"/Users/imadboudroua/work/project/free-PFAShoppingList/src/screens/Search/GardeMangerSearch.js","statementMap":{"0":{"start":{"line":7,"column":40},"end":{"line":7,"column":58}},"1":{"start":{"line":9,"column":25},"end":{"line":9,"column":55}},"2":{"start":{"line":9,"column":34},"end":{"line":9,"column":55}},"3":{"start":{"line":10,"column":2},"end":{"line":20,"column":3}},"4":{"start":{"line":23,"column":15},"end":{"line":23,"column":36}}},"fnMap":{"0":{"name":"GardeMangerSearch","decl":{"start":{"line":6,"column":24},"end":{"line":6,"column":41}},"loc":{"start":{"line":6,"column":44},"end":{"line":21,"column":1}},"line":6},"1":{"name":"(anonymous_1)","decl":{"start":{"line":9,"column":25},"end":{"line":9,"column":26}},"loc":{"start":{"line":9,"column":34},"end":{"line":9,"column":55}},"line":9}},"branchMap":{},"s":{"0":0,"1":0,"2":0,"3":0,"4":0},"f":{"0":0,"1":0},"b":{}}
,"/Users/imadboudroua/work/project/free-PFAShoppingList/src/screens/Search/HomeSearchPage.js": {"path":"/Users/imadboudroua/work/project/free-PFAShoppingList/src/screens/Search/HomeSearchPage.js","statementMap":{"0":{"start":{"line":10,"column":13},"end":{"line":59,"column":1}},"1":{"start":{"line":61,"column":13},"end":{"line":67,"column":1}},"2":{"start":{"line":63,"column":2},"end":{"line":65,"column":9}},"3":{"start":{"line":68,"column":19},"end":{"line":72,"column":1}},"4":{"start":{"line":68,"column":34},"end":{"line":70,"column":20}},"5":{"start":{"line":68,"column":67},"end":{"line":68,"column":86}},"6":{"start":{"line":77,"column":4},"end":{"line":77,"column":17}},"7":{"start":{"line":78,"column":4},"end":{"line":78,"column":30}},"8":{"start":{"line":79,"column":4},"end":{"line":81,"column":6}},"9":{"start":{"line":82,"column":4},"end":{"line":84,"column":6}},"10":{"start":{"line":87,"column":15},"end":{"line":91,"column":3}},"11":{"start":{"line":87,"column":30},"end":{"line":89,"column":22}},"12":{"start":{"line":87,"column":63},"end":{"line":87,"column":89}},"13":{"start":{"line":93,"column":4},"end":{"line":93,"column":28}},"14":{"start":{"line":94,"column":16},"end":{"line":94,"column":147}},"15":{"start":{"line":95,"column":4},"end":{"line":105,"column":9}},"16":{"start":{"line":96,"column":24},"end":{"line":96,"column":39}},"17":{"start":{"line":98,"column":8},"end":{"line":100,"column":11}},"18":{"start":{"line":104,"column":8},"end":{"line":104,"column":27}},"19":{"start":{"line":110,"column":4},"end":{"line":110,"column":32}},"20":{"start":{"line":111,"column":4},"end":{"line":127,"column":6}},"21":{"start":{"line":116,"column":12},"end":{"line":116,"column":33}},"22":{"start":{"line":123,"column":32},"end":{"line":123,"column":40}},"23":{"start":{"line":131,"column":15},"end":{"line":146,"column":2}},"24":{"start":{"line":154,"column":2},"end":{"line":156,"column":3}},"25":{"start":{"line":160,"column":2},"end":{"line":166,"column":3}},"26":{"start":{"line":161,"column":28},"end":{"line":164,"column":6}}},"fnMap":{"0":{"name":"(anonymous_0)","decl":{"start":{"line":61,"column":13},"end":{"line":61,"column":14}},"loc":{"start":{"line":63,"column":2},"end":{"line":65,"column":9}},"line":63},"1":{"name":"(anonymous_1)","decl":{"start":{"line":68,"column":19},"end":{"line":68,"column":20}},"loc":{"start":{"line":68,"column":34},"end":{"line":70,"column":20}},"line":68},"2":{"name":"(anonymous_2)","decl":{"start":{"line":68,"column":61},"end":{"line":68,"column":62}},"loc":{"start":{"line":68,"column":67},"end":{"line":68,"column":86}},"line":68},"3":{"name":"(anonymous_3)","decl":{"start":{"line":76,"column":2},"end":{"line":76,"column":3}},"loc":{"start":{"line":76,"column":21},"end":{"line":85,"column":3}},"line":76},"4":{"name":"(anonymous_4)","decl":{"start":{"line":87,"column":15},"end":{"line":87,"column":16}},"loc":{"start":{"line":87,"column":30},"end":{"line":89,"column":22}},"line":87},"5":{"name":"(anonymous_5)","decl":{"start":{"line":87,"column":57},"end":{"line":87,"column":58}},"loc":{"start":{"line":87,"column":63},"end":{"line":87,"column":89}},"line":87},"6":{"name":"(anonymous_6)","decl":{"start":{"line":92,"column":2},"end":{"line":92,"column":3}},"loc":{"start":{"line":92,"column":18},"end":{"line":106,"column":3}},"line":92},"7":{"name":"(anonymous_7)","decl":{"start":{"line":96,"column":12},"end":{"line":96,"column":13}},"loc":{"start":{"line":96,"column":24},"end":{"line":96,"column":39}},"line":96},"8":{"name":"(anonymous_8)","decl":{"start":{"line":97,"column":12},"end":{"line":97,"column":13}},"loc":{"start":{"line":97,"column":30},"end":{"line":102,"column":7}},"line":97},"9":{"name":"(anonymous_9)","decl":{"start":{"line":103,"column":13},"end":{"line":103,"column":14}},"loc":{"start":{"line":103,"column":24},"end":{"line":105,"column":7}},"line":103},"10":{"name":"(anonymous_10)","decl":{"start":{"line":109,"column":2},"end":{"line":109,"column":3}},"loc":{"start":{"line":109,"column":11},"end":{"line":128,"column":3}},"line":109},"11":{"name":"(anonymous_11)","decl":{"start":{"line":115,"column":24},"end":{"line":115,"column":25}},"loc":{"start":{"line":115,"column":34},"end":{"line":117,"column":11}},"line":115},"12":{"name":"(anonymous_12)","decl":{"start":{"line":123,"column":24},"end":{"line":123,"column":25}},"loc":{"start":{"line":123,"column":32},"end":{"line":123,"column":40}},"line":123},"13":{"name":"mapStateToProps","decl":{"start":{"line":153,"column":9},"end":{"line":153,"column":24}},"loc":{"start":{"line":153,"column":32},"end":{"line":157,"column":1}},"line":153},"14":{"name":"mapDispatchToProps","decl":{"start":{"line":159,"column":9},"end":{"line":159,"column":27}},"loc":{"start":{"line":159,"column":38},"end":{"line":167,"column":1}},"line":159},"15":{"name":"(anonymous_15)","decl":{"start":{"line":161,"column":15},"end":{"line":161,"column":16}},"loc":{"start":{"line":161,"column":28},"end":{"line":164,"column":6}},"line":161}},"branchMap":{},"s":{"0":0,"1":0,"2":0,"3":0,"4":0,"5":0,"6":0,"7":0,"8":0,"9":0,"10":0,"11":0,"12":0,"13":0,"14":0,"15":0,"16":0,"17":0,"18":0,"19":0,"20":0,"21":0,"22":0,"23":0,"24":0,"25":0,"26":0},"f":{"0":0,"1":0,"2":0,"3":0,"4":0,"5":0,"6":0,"7":0,"8":0,"9":0,"10":0,"11":0,"12":0,"13":0,"14":0,"15":0},"b":{}}
,"/Users/imadboudroua/work/project/free-PFAShoppingList/src/screens/Search/ListesSearchPage.js": {"path":"/Users/imadboudroua/work/project/free-PFAShoppingList/src/screens/Search/ListesSearchPage.js","statementMap":{"0":{"start":{"line":7,"column":40},"end":{"line":7,"column":58}},"1":{"start":{"line":9,"column":25},"end":{"line":9,"column":55}},"2":{"start":{"line":9,"column":34},"end":{"line":9,"column":55}},"3":{"start":{"line":10,"column":2},"end":{"line":20,"column":3}},"4":{"start":{"line":23,"column":15},"end":{"line":23,"column":36}}},"fnMap":{"0":{"name":"ListesSearchPage","decl":{"start":{"line":6,"column":24},"end":{"line":6,"column":40}},"loc":{"start":{"line":6,"column":43},"end":{"line":21,"column":1}},"line":6},"1":{"name":"(anonymous_1)","decl":{"start":{"line":9,"column":25},"end":{"line":9,"column":26}},"loc":{"start":{"line":9,"column":34},"end":{"line":9,"column":55}},"line":9}},"branchMap":{},"s":{"0":0,"1":0,"2":0,"3":0,"4":0},"f":{"0":0,"1":0},"b":{}}
,"/Users/imadboudroua/work/project/free-PFAShoppingList/src/screens/Search/SearchPage.js": {"path":"/Users/imadboudroua/work/project/free-PFAShoppingList/src/screens/Search/SearchPage.js","statementMap":{"0":{"start":{"line":6,"column":12},"end":{"line":6,"column":38}},"1":{"start":{"line":9,"column":4},"end":{"line":13,"column":5}},"2":{"start":{"line":21,"column":2},"end":{"line":23,"column":3}}},"fnMap":{"0":{"name":"(anonymous_0)","decl":{"start":{"line":8,"column":2},"end":{"line":8,"column":3}},"loc":{"start":{"line":8,"column":11},"end":{"line":14,"column":3}},"line":8},"1":{"name":"mapStateToProps","decl":{"start":{"line":20,"column":9},"end":{"line":20,"column":24}},"loc":{"start":{"line":20,"column":32},"end":{"line":24,"column":1}},"line":20}},"branchMap":{},"s":{"0":0,"1":0,"2":0},"f":{"0":0,"1":0},"b":{}}
}
