TN:
SF:App.js
FN:31,HomeScreen
FN:37,RegisterScreen
FN:48,(anonymous_2)
FN:54,(anonymous_3)
FN:69,(anonymous_4)
FN:82,(anonymous_5)
FN:92,(anonymous_6)
FN:93,(anonymous_7)
FN:98,(anonymous_8)
FN:106,(anonymous_9)
FN:110,(anonymous_10)
FN:124,(anonymous_11)
FNF:12
FNH:0
FNDA:0,HomeScreen
FNDA:0,RegisterScreen
FNDA:0,(anonymous_2)
FNDA:0,(anonymous_3)
FNDA:0,(anonymous_4)
FNDA:0,(anonymous_5)
FNDA:0,(anonymous_6)
FNDA:0,(anonymous_7)
FNDA:0,(anonymous_8)
FNDA:0,(anonymous_9)
FNDA:0,(anonymous_10)
FNDA:0,(anonymous_11)
DA:19,0
DA:21,0
DA:32,0
DA:38,0
DA:44,0
DA:49,0
DA:51,0
DA:55,0
DA:65,0
DA:66,0
DA:69,0
DA:70,0
DA:71,0
DA:75,0
DA:82,0
DA:83,0
DA:85,0
DA:87,0
DA:92,0
DA:94,0
DA:98,0
DA:106,0
DA:110,0
DA:119,0
DA:125,0
DA:134,0
LF:26
LH:0
BRDA:65,0,0,0
BRDA:65,0,1,0
BRDA:70,1,0,0
BRDA:70,1,1,0
BRDA:83,2,0,0
BRDA:83,2,1,0
BRDA:83,2,2,0
BRF:7
BRH:0
end_of_record
TN:
SF:src/components/AddButton.js
FN:6,(anonymous_0)
FNF:1
FNH:0
FNDA:0,(anonymous_0)
DA:7,0
LF:1
LH:0
BRF:0
BRH:0
end_of_record
TN:
SF:src/components/Logo.js
FN:4,Logo
FNF:1
FNH:0
FNDA:0,Logo
DA:5,0
DA:18,0
LF:2
LH:0
BRF:0
BRH:0
end_of_record
TN:
SF:src/components/Tabs.js
FN:20,(anonymous_0)
FN:39,(anonymous_1)
FN:42,(anonymous_2)
FN:43,(anonymous_3)
FN:86,(anonymous_4)
FN:87,(anonymous_5)
FN:94,(anonymous_6)
FN:100,(anonymous_7)
FN:101,(anonymous_8)
FN:106,(anonymous_9)
FN:107,(anonymous_10)
FN:121,mapStateToProps
FN:127,mapDispatchToProps
FN:129,(anonymous_13)
FN:132,(anonymous_14)
FN:135,(anonymous_15)
FNF:16
FNH:0
FNDA:0,(anonymous_0)
FNDA:0,(anonymous_1)
FNDA:0,(anonymous_2)
FNDA:0,(anonymous_3)
FNDA:0,(anonymous_4)
FNDA:0,(anonymous_5)
FNDA:0,(anonymous_6)
FNDA:0,(anonymous_7)
FNDA:0,(anonymous_8)
FNDA:0,(anonymous_9)
FNDA:0,(anonymous_10)
FNDA:0,mapStateToProps
FNDA:0,mapDispatchToProps
FNDA:0,(anonymous_13)
FNDA:0,(anonymous_14)
FNDA:0,(anonymous_15)
DA:16,0
DA:22,0
DA:24,0
DA:25,0
DA:27,0
DA:28,0
DA:30,0
DA:31,0
DA:34,0
DA:35,0
DA:40,0
DA:42,0
DA:45,0
DA:47,0
DA:50,0
DA:52,0
DA:55,0
DA:57,0
DA:60,0
DA:61,0
DA:63,0
DA:66,0
DA:68,0
DA:71,0
DA:74,0
DA:79,0
DA:86,0
DA:88,0
DA:95,0
DA:100,0
DA:102,0
DA:106,0
DA:108,0
DA:122,0
DA:128,0
DA:129,0
DA:132,0
DA:135,0
LF:38
LH:0
BRDA:22,0,0,0
BRDA:22,0,1,0
BRDA:22,0,2,0
BRDA:22,0,3,0
BRDA:45,1,0,0
BRDA:45,1,1,0
BRDA:45,1,2,0
BRDA:45,1,3,0
BRDA:45,1,4,0
BRDA:45,1,5,0
BRDA:47,2,0,0
BRDA:47,2,1,0
BRDA:52,3,0,0
BRDA:52,3,1,0
BRDA:57,4,0,0
BRDA:57,4,1,0
BRDA:63,5,0,0
BRDA:63,5,1,0
BRDA:68,6,0,0
BRDA:68,6,1,0
BRF:20
BRH:0
end_of_record
TN:
SF:src/redux/reducers/index.js
FNF:0
FNH:0
LF:0
LH:0
BRF:0
BRH:0
end_of_record
TN:
SF:src/redux/reducers/listReducer.js
FN:4,listReducer
FN:12,(anonymous_1)
FNF:2
FNH:0
FNDA:0,listReducer
FNDA:0,(anonymous_1)
DA:1,0
DA:5,0
DA:7,0
DA:11,0
DA:12,0
DA:15,0
LF:6
LH:0
BRDA:4,0,0,0
BRDA:5,1,0,0
BRDA:5,1,1,0
BRDA:5,1,2,0
BRF:4
BRH:0
end_of_record
TN:
SF:src/redux/reducers/pagePointerReducer.js
FN:6,pagePointerReducer
FNF:1
FNH:0
FNDA:0,pagePointerReducer
DA:1,0
DA:8,0
DA:10,0
DA:11,0
DA:13,0
DA:14,0
DA:16,0
DA:17,0
DA:20,0
DA:22,0
DA:24,0
LF:11
LH:0
BRDA:6,0,0,0
BRDA:8,1,0,0
BRDA:8,1,1,0
BRDA:8,1,2,0
BRDA:8,1,3,0
BRF:5
BRH:0
end_of_record
TN:
SF:src/screens/GardeMangerScreen.js
FN:5,(anonymous_0)
FNF:1
FNH:0
FNDA:0,(anonymous_0)
DA:6,0
LF:1
LH:0
BRF:0
BRH:0
end_of_record
TN:
SF:src/screens/HomeScreen.js
FN:28,(anonymous_0)
FN:39,(anonymous_1)
FN:44,(anonymous_2)
FN:48,(anonymous_3)
FN:55,(anonymous_4)
FN:61,(anonymous_5)
FN:69,(anonymous_6)
FN:76,(anonymous_7)
FN:166,mapStateToProps
FN:172,mapDispatchToProps
FN:174,(anonymous_10)
FN:178,(anonymous_11)
FN:182,(anonymous_12)
FNF:13
FNH:0
FNDA:0,(anonymous_0)
FNDA:0,(anonymous_1)
FNDA:0,(anonymous_2)
FNDA:0,(anonymous_3)
FNDA:0,(anonymous_4)
FNDA:0,(anonymous_5)
FNDA:0,(anonymous_6)
FNDA:0,(anonymous_7)
FNDA:0,mapStateToProps
FNDA:0,mapDispatchToProps
FNDA:0,(anonymous_10)
FNDA:0,(anonymous_11)
FNDA:0,(anonymous_12)
DA:8,1
DA:9,1
DA:28,1
DA:29,0
DA:39,1
DA:40,0
DA:45,0
DA:48,0
DA:51,0
DA:55,0
DA:61,0
DA:70,0
DA:71,0
DA:76,0
DA:91,1
DA:167,0
DA:173,0
DA:174,0
DA:178,0
DA:182,0
LF:20
LH:5
BRDA:94,0,0,1
BRDA:94,0,1,1
BRF:2
BRH:2
end_of_record
TN:
SF:src/screens/ListesScreen.js
FN:5,(anonymous_0)
FNF:1
FNH:0
FNDA:0,(anonymous_0)
DA:6,0
LF:1
LH:0
BRF:0
BRH:0
end_of_record
TN:
SF:src/screens/LoadingScreen.js
FN:5,(anonymous_0)
FNF:1
FNH:0
FNDA:0,(anonymous_0)
DA:6,0
LF:1
LH:0
BRF:0
BRH:0
end_of_record
TN:
SF:src/screens/ScannerScreen.js
FN:12,(anonymous_0)
FN:26,(anonymous_1)
FN:30,(anonymous_2)
FN:35,(anonymous_3)
FN:59,(anonymous_4)
FN:66,(anonymous_5)
FN:78,mapStateToProps
FN:84,mapDispatchToProps
FN:86,(anonymous_8)
FNF:9
FNH:0
FNDA:0,(anonymous_0)
FNDA:0,(anonymous_1)
FNDA:0,(anonymous_2)
FNDA:0,(anonymous_3)
FNDA:0,(anonymous_4)
FNDA:0,(anonymous_5)
FNDA:0,mapStateToProps
FNDA:0,mapDispatchToProps
FNDA:0,(anonymous_8)
DA:10,0
DA:12,0
DA:14,0
DA:21,0
DA:27,0
DA:30,0
DA:31,0
DA:32,0
DA:36,0
DA:38,0
DA:39,0
DA:41,0
DA:42,0
DA:44,0
DA:59,0
DA:66,0
DA:67,0
DA:68,0
DA:69,0
DA:70,0
DA:79,0
DA:85,0
DA:86,0
LF:23
LH:0
BRDA:38,0,0,0
BRDA:38,0,1,0
BRDA:41,1,0,0
BRDA:41,1,1,0
BRDA:52,2,0,0
BRDA:52,2,1,0
BRDA:56,3,0,0
BRDA:56,3,1,0
BRF:8
BRH:0
end_of_record
TN:
SF:src/screens/SettingsScreen.js
FN:5,SettingsScreen
FN:8,(anonymous_1)
FNF:2
FNH:0
FNDA:0,SettingsScreen
FNDA:0,(anonymous_1)
DA:6,0
DA:8,0
LF:2
LH:0
BRF:0
BRH:0
end_of_record
TN:
SF:src/screens/SignInScreen.js
FN:14,(anonymous_0)
FN:17,(anonymous_1)
FN:25,(anonymous_2)
FN:33,(anonymous_3)
FN:43,(anonymous_4)
FN:51,(anonymous_5)
FNF:6
FNH:0
FNDA:0,(anonymous_0)
FNDA:0,(anonymous_1)
FNDA:0,(anonymous_2)
FNDA:0,(anonymous_3)
FNDA:0,(anonymous_4)
FNDA:0,(anonymous_5)
DA:7,0
DA:14,0
DA:15,0
DA:18,0
DA:25,0
DA:26,0
DA:34,0
DA:43,0
DA:51,0
DA:71,0
LF:10
LH:0
BRF:0
BRH:0
end_of_record
TN:
SF:src/screens/SignUpScreen.js
FN:7,(anonymous_0)
FN:17,(anonymous_1)
FN:20,(anonymous_2)
FN:22,(anonymous_3)
FN:27,(anonymous_4)
FN:34,(anonymous_5)
FN:42,(anonymous_6)
FNF:7
FNH:0
FNDA:0,(anonymous_0)
FNDA:0,(anonymous_1)
FNDA:0,(anonymous_2)
FNDA:0,(anonymous_3)
FNDA:0,(anonymous_4)
FNDA:0,(anonymous_5)
FNDA:0,(anonymous_6)
DA:8,0
DA:9,0
DA:14,0
DA:18,0
DA:19,0
DA:21,0
DA:23,0
DA:28,0
DA:34,0
DA:42,0
DA:59,0
LF:11
LH:0
BRF:0
BRH:0
end_of_record
TN:
SF:src/screens/Search/GardeMangerSearch.js
FN:6,GardeMangerSearch
FN:9,(anonymous_1)
FNF:2
FNH:0
FNDA:0,GardeMangerSearch
FNDA:0,(anonymous_1)
DA:7,0
DA:9,0
DA:10,0
DA:23,0
LF:4
LH:0
BRF:0
BRH:0
end_of_record
TN:
SF:src/screens/Search/HomeSearchPage.js
FN:61,(anonymous_0)
FN:68,(anonymous_1)
FN:68,(anonymous_2)
FN:76,(anonymous_3)
FN:87,(anonymous_4)
FN:87,(anonymous_5)
FN:92,(anonymous_6)
FN:96,(anonymous_7)
FN:97,(anonymous_8)
FN:103,(anonymous_9)
FN:109,(anonymous_10)
FN:115,(anonymous_11)
FN:123,(anonymous_12)
FN:153,mapStateToProps
FN:159,mapDispatchToProps
FN:161,(anonymous_15)
FNF:16
FNH:0
FNDA:0,(anonymous_0)
FNDA:0,(anonymous_1)
FNDA:0,(anonymous_2)
FNDA:0,(anonymous_3)
FNDA:0,(anonymous_4)
FNDA:0,(anonymous_5)
FNDA:0,(anonymous_6)
FNDA:0,(anonymous_7)
FNDA:0,(anonymous_8)
FNDA:0,(anonymous_9)
FNDA:0,(anonymous_10)
FNDA:0,(anonymous_11)
FNDA:0,(anonymous_12)
FNDA:0,mapStateToProps
FNDA:0,mapDispatchToProps
FNDA:0,(anonymous_15)
DA:10,0
DA:61,0
DA:63,0
DA:68,0
DA:77,0
DA:78,0
DA:79,0
DA:82,0
DA:87,0
DA:93,0
DA:94,0
DA:95,0
DA:96,0
DA:98,0
DA:104,0
DA:110,0
DA:111,0
DA:116,0
DA:123,0
DA:131,0
DA:154,0
DA:160,0
DA:161,0
LF:23
LH:0
BRF:0
BRH:0
end_of_record
TN:
SF:src/screens/Search/ListesSearchPage.js
FN:6,ListesSearchPage
FN:9,(anonymous_1)
FNF:2
FNH:0
FNDA:0,ListesSearchPage
FNDA:0,(anonymous_1)
DA:7,0
DA:9,0
DA:10,0
DA:23,0
LF:4
LH:0
BRF:0
BRH:0
end_of_record
TN:
SF:src/screens/Search/SearchPage.js
FN:8,(anonymous_0)
FN:20,mapStateToProps
FNF:2
FNH:0
FNDA:0,(anonymous_0)
FNDA:0,mapStateToProps
DA:6,0
DA:9,0
DA:21,0
LF:3
LH:0
BRF:0
BRH:0
end_of_record
